<?xml version="1.0" encoding="UTF-8"?>
<!-- Generated by org.testng.reporters.JUnitReportReporter -->
<testsuite hostname="DESKTOP-8EBJR96" failures="0" tests="1" name="Irctc.Irctc_win" time="9.106" errors="0" timestamp="2022-07-18T12:04:10 IST" skipped="0">
  <testcase classname="Irctc.Irctc_win" name="click" time="9.106"/>
  <system-out/>
</testsuite> <!-- Irctc.Irctc_win -->
