<?xml version="1.0" encoding="UTF-8"?>
<!-- Generated by org.testng.reporters.JUnitReportReporter -->
<testsuite hostname="DESKTOP-8EBJR96" failures="0" tests="1" name="practice.uitest" time="2.091" errors="0" timestamp="2022-07-22T11:03:16 IST" skipped="0">
  <testcase classname="practice.uitest" name="uitestopen" time="2.091"/>
  <system-out/>
</testsuite> <!-- practice.uitest -->
